2021-05-25T16:16:28,080  WARN RandomizingTimeDistanceTravelDisutilityFactory:112 There will be no routing randomness. The randomization of the travel disutility requires the monetary distance rate to be different than zero. Continuing anyway.
2021-05-25T16:16:28,080  WARN RandomizingTimeDistanceTravelDisutilityFactory:117 There will be no routing randomness. The randomization of the travel disutility requires the travel time cost rate to be different than zero. Continuing anyway.
2021-05-25T16:16:28,119  WARN PreProcessEuclidean:59 There are links with stored length smaller than their Euclidean distance in this network. Thus, A* cannot guarantee to calculate the least-cost paths between two nodes.
2021-05-25T16:16:28,541 ERROR QSim:344 got exception while cleaning up
java.lang.NullPointerException: Cannot invoke "java.util.List.iterator()" because the return value of "org.matsim.core.mobsim.qsim.qnetsimengine.AbstractQNetsimEngine.getQnetsimEngineRunner()" is null
	at org.matsim.core.mobsim.qsim.qnetsimengine.AbstractQNetsimEngine.afterSim(AbstractQNetsimEngine.java:183) ~[matsim-13.0.jar:?]
	at org.matsim.core.mobsim.qsim.QSim.cleanupSim(QSim.java:341) [matsim-13.0.jar:?]
	at org.matsim.core.mobsim.qsim.QSim.run(QSim.java:261) [matsim-13.0.jar:?]
	at org.matsim.core.controler.NewControler.runMobSim(NewControler.java:124) [matsim-13.0.jar:?]
	at org.matsim.core.controler.AbstractController$8.run(AbstractController.java:211) [matsim-13.0.jar:?]
	at org.matsim.core.controler.AbstractController.iterationStep(AbstractController.java:243) [matsim-13.0.jar:?]
	at org.matsim.core.controler.AbstractController.mobsim(AbstractController.java:207) [matsim-13.0.jar:?]
	at org.matsim.core.controler.AbstractController.iteration(AbstractController.java:154) [matsim-13.0.jar:?]
	at org.matsim.core.controler.AbstractController.doIterations(AbstractController.java:121) [matsim-13.0.jar:?]
	at org.matsim.core.controler.AbstractController$1.run(AbstractController.java:81) [matsim-13.0.jar:?]
	at org.matsim.core.controler.MatsimRuntimeModifications.run(MatsimRuntimeModifications.java:69) [matsim-13.0.jar:?]
	at org.matsim.core.controler.MatsimRuntimeModifications.run(MatsimRuntimeModifications.java:52) [matsim-13.0.jar:?]
	at org.matsim.core.controler.AbstractController.run(AbstractController.java:89) [matsim-13.0.jar:?]
	at org.matsim.core.controler.NewControler.run(NewControler.java:82) [matsim-13.0.jar:?]
	at org.matsim.core.controler.Controler.run(Controler.java:249) [matsim-13.0.jar:?]
	at ch.sbb.matsim.mobsim.qsim.pt.SBBTransitQSimEngineIntegrationTest.testIntegration_misconfiguration(SBBTransitQSimEngineIntegrationTest.java:74) [test-classes/:?]
	at jdk.internal.reflect.NativeMethodAccessorImpl.invoke0(Native Method) ~[?:?]
	at jdk.internal.reflect.NativeMethodAccessorImpl.invoke(NativeMethodAccessorImpl.java:64) ~[?:?]
	at jdk.internal.reflect.DelegatingMethodAccessorImpl.invoke(DelegatingMethodAccessorImpl.java:43) ~[?:?]
	at java.lang.reflect.Method.invoke(Method.java:564) ~[?:?]
	at org.junit.runners.model.FrameworkMethod$1.runReflectiveCall(FrameworkMethod.java:59) [junit-4.13.1.jar:4.13.1]
	at org.junit.internal.runners.model.ReflectiveCallable.run(ReflectiveCallable.java:12) [junit-4.13.1.jar:4.13.1]
	at org.junit.runners.model.FrameworkMethod.invokeExplosively(FrameworkMethod.java:56) [junit-4.13.1.jar:4.13.1]
	at org.junit.internal.runners.statements.InvokeMethod.evaluate(InvokeMethod.java:17) [junit-4.13.1.jar:4.13.1]
	at org.junit.rules.TestWatcher$1.evaluate(TestWatcher.java:61) [junit-4.13.1.jar:4.13.1]
	at org.junit.runners.ParentRunner$3.evaluate(ParentRunner.java:306) [junit-4.13.1.jar:4.13.1]
	at org.junit.runners.BlockJUnit4ClassRunner$1.evaluate(BlockJUnit4ClassRunner.java:100) [junit-4.13.1.jar:4.13.1]
	at org.junit.runners.ParentRunner.runLeaf(ParentRunner.java:366) [junit-4.13.1.jar:4.13.1]
	at org.junit.runners.BlockJUnit4ClassRunner.runChild(BlockJUnit4ClassRunner.java:103) [junit-4.13.1.jar:4.13.1]
	at org.junit.runners.BlockJUnit4ClassRunner.runChild(BlockJUnit4ClassRunner.java:63) [junit-4.13.1.jar:4.13.1]
	at org.junit.runners.ParentRunner$4.run(ParentRunner.java:331) [junit-4.13.1.jar:4.13.1]
	at org.junit.runners.ParentRunner$1.schedule(ParentRunner.java:79) [junit-4.13.1.jar:4.13.1]
	at org.junit.runners.ParentRunner.runChildren(ParentRunner.java:329) [junit-4.13.1.jar:4.13.1]
	at org.junit.runners.ParentRunner.access$100(ParentRunner.java:66) [junit-4.13.1.jar:4.13.1]
	at org.junit.runners.ParentRunner$2.evaluate(ParentRunner.java:293) [junit-4.13.1.jar:4.13.1]
	at org.junit.runners.ParentRunner$3.evaluate(ParentRunner.java:306) [junit-4.13.1.jar:4.13.1]
	at org.junit.runners.ParentRunner.run(ParentRunner.java:413) [junit-4.13.1.jar:4.13.1]
	at org.apache.maven.surefire.junit4.JUnit4Provider.execute(JUnit4Provider.java:252) [surefire-junit4-2.12.4.jar:2.12.4]
	at org.apache.maven.surefire.junit4.JUnit4Provider.executeTestSet(JUnit4Provider.java:141) [surefire-junit4-2.12.4.jar:2.12.4]
	at org.apache.maven.surefire.junit4.JUnit4Provider.invoke(JUnit4Provider.java:112) [surefire-junit4-2.12.4.jar:2.12.4]
	at jdk.internal.reflect.NativeMethodAccessorImpl.invoke0(Native Method) ~[?:?]
	at jdk.internal.reflect.NativeMethodAccessorImpl.invoke(NativeMethodAccessorImpl.java:64) ~[?:?]
	at jdk.internal.reflect.DelegatingMethodAccessorImpl.invoke(DelegatingMethodAccessorImpl.java:43) ~[?:?]
	at java.lang.reflect.Method.invoke(Method.java:564) ~[?:?]
	at org.apache.maven.surefire.util.ReflectionUtils.invokeMethodWithArray(ReflectionUtils.java:189) [surefire-api-2.12.4.jar:2.12.4]
	at org.apache.maven.surefire.booter.ProviderFactory$ProviderProxy.invoke(ProviderFactory.java:165) [surefire-booter-2.12.4.jar:2.12.4]
	at org.apache.maven.surefire.booter.ProviderFactory.invokeProvider(ProviderFactory.java:85) [surefire-booter-2.12.4.jar:2.12.4]
	at org.apache.maven.surefire.booter.ForkedBooter.runSuitesInProcess(ForkedBooter.java:115) [surefire-booter-2.12.4.jar:2.12.4]
	at org.apache.maven.surefire.booter.ForkedBooter.main(ForkedBooter.java:75) [surefire-booter-2.12.4.jar:2.12.4]
2021-05-25T16:16:28,560  WARN QSim:263 exception in finally block - this may be a follow-up exception of an exception thrown in the try block.
java.lang.RuntimeException: got exception while cleaning up the QSim. Please check the error messages above for details.
	at org.matsim.core.mobsim.qsim.QSim.cleanupSim(QSim.java:349) ~[matsim-13.0.jar:?]
	at org.matsim.core.mobsim.qsim.QSim.run(QSim.java:261) [matsim-13.0.jar:?]
	at org.matsim.core.controler.NewControler.runMobSim(NewControler.java:124) [matsim-13.0.jar:?]
	at org.matsim.core.controler.AbstractController$8.run(AbstractController.java:211) [matsim-13.0.jar:?]
	at org.matsim.core.controler.AbstractController.iterationStep(AbstractController.java:243) [matsim-13.0.jar:?]
	at org.matsim.core.controler.AbstractController.mobsim(AbstractController.java:207) [matsim-13.0.jar:?]
	at org.matsim.core.controler.AbstractController.iteration(AbstractController.java:154) [matsim-13.0.jar:?]
	at org.matsim.core.controler.AbstractController.doIterations(AbstractController.java:121) [matsim-13.0.jar:?]
	at org.matsim.core.controler.AbstractController$1.run(AbstractController.java:81) [matsim-13.0.jar:?]
	at org.matsim.core.controler.MatsimRuntimeModifications.run(MatsimRuntimeModifications.java:69) [matsim-13.0.jar:?]
	at org.matsim.core.controler.MatsimRuntimeModifications.run(MatsimRuntimeModifications.java:52) [matsim-13.0.jar:?]
	at org.matsim.core.controler.AbstractController.run(AbstractController.java:89) [matsim-13.0.jar:?]
	at org.matsim.core.controler.NewControler.run(NewControler.java:82) [matsim-13.0.jar:?]
	at org.matsim.core.controler.Controler.run(Controler.java:249) [matsim-13.0.jar:?]
	at ch.sbb.matsim.mobsim.qsim.pt.SBBTransitQSimEngineIntegrationTest.testIntegration_misconfiguration(SBBTransitQSimEngineIntegrationTest.java:74) [test-classes/:?]
	at jdk.internal.reflect.NativeMethodAccessorImpl.invoke0(Native Method) ~[?:?]
	at jdk.internal.reflect.NativeMethodAccessorImpl.invoke(NativeMethodAccessorImpl.java:64) ~[?:?]
	at jdk.internal.reflect.DelegatingMethodAccessorImpl.invoke(DelegatingMethodAccessorImpl.java:43) ~[?:?]
	at java.lang.reflect.Method.invoke(Method.java:564) ~[?:?]
	at org.junit.runners.model.FrameworkMethod$1.runReflectiveCall(FrameworkMethod.java:59) [junit-4.13.1.jar:4.13.1]
	at org.junit.internal.runners.model.ReflectiveCallable.run(ReflectiveCallable.java:12) [junit-4.13.1.jar:4.13.1]
	at org.junit.runners.model.FrameworkMethod.invokeExplosively(FrameworkMethod.java:56) [junit-4.13.1.jar:4.13.1]
	at org.junit.internal.runners.statements.InvokeMethod.evaluate(InvokeMethod.java:17) [junit-4.13.1.jar:4.13.1]
	at org.junit.rules.TestWatcher$1.evaluate(TestWatcher.java:61) [junit-4.13.1.jar:4.13.1]
	at org.junit.runners.ParentRunner$3.evaluate(ParentRunner.java:306) [junit-4.13.1.jar:4.13.1]
	at org.junit.runners.BlockJUnit4ClassRunner$1.evaluate(BlockJUnit4ClassRunner.java:100) [junit-4.13.1.jar:4.13.1]
	at org.junit.runners.ParentRunner.runLeaf(ParentRunner.java:366) [junit-4.13.1.jar:4.13.1]
	at org.junit.runners.BlockJUnit4ClassRunner.runChild(BlockJUnit4ClassRunner.java:103) [junit-4.13.1.jar:4.13.1]
	at org.junit.runners.BlockJUnit4ClassRunner.runChild(BlockJUnit4ClassRunner.java:63) [junit-4.13.1.jar:4.13.1]
	at org.junit.runners.ParentRunner$4.run(ParentRunner.java:331) [junit-4.13.1.jar:4.13.1]
	at org.junit.runners.ParentRunner$1.schedule(ParentRunner.java:79) [junit-4.13.1.jar:4.13.1]
	at org.junit.runners.ParentRunner.runChildren(ParentRunner.java:329) [junit-4.13.1.jar:4.13.1]
	at org.junit.runners.ParentRunner.access$100(ParentRunner.java:66) [junit-4.13.1.jar:4.13.1]
	at org.junit.runners.ParentRunner$2.evaluate(ParentRunner.java:293) [junit-4.13.1.jar:4.13.1]
	at org.junit.runners.ParentRunner$3.evaluate(ParentRunner.java:306) [junit-4.13.1.jar:4.13.1]
	at org.junit.runners.ParentRunner.run(ParentRunner.java:413) [junit-4.13.1.jar:4.13.1]
	at org.apache.maven.surefire.junit4.JUnit4Provider.execute(JUnit4Provider.java:252) [surefire-junit4-2.12.4.jar:2.12.4]
	at org.apache.maven.surefire.junit4.JUnit4Provider.executeTestSet(JUnit4Provider.java:141) [surefire-junit4-2.12.4.jar:2.12.4]
	at org.apache.maven.surefire.junit4.JUnit4Provider.invoke(JUnit4Provider.java:112) [surefire-junit4-2.12.4.jar:2.12.4]
	at jdk.internal.reflect.NativeMethodAccessorImpl.invoke0(Native Method) ~[?:?]
	at jdk.internal.reflect.NativeMethodAccessorImpl.invoke(NativeMethodAccessorImpl.java:64) ~[?:?]
	at jdk.internal.reflect.DelegatingMethodAccessorImpl.invoke(DelegatingMethodAccessorImpl.java:43) ~[?:?]
	at java.lang.reflect.Method.invoke(Method.java:564) ~[?:?]
	at org.apache.maven.surefire.util.ReflectionUtils.invokeMethodWithArray(ReflectionUtils.java:189) [surefire-api-2.12.4.jar:2.12.4]
	at org.apache.maven.surefire.booter.ProviderFactory$ProviderProxy.invoke(ProviderFactory.java:165) [surefire-booter-2.12.4.jar:2.12.4]
	at org.apache.maven.surefire.booter.ProviderFactory.invokeProvider(ProviderFactory.java:85) [surefire-booter-2.12.4.jar:2.12.4]
	at org.apache.maven.surefire.booter.ForkedBooter.runSuitesInProcess(ForkedBooter.java:115) [surefire-booter-2.12.4.jar:2.12.4]
	at org.apache.maven.surefire.booter.ForkedBooter.main(ForkedBooter.java:75) [surefire-booter-2.12.4.jar:2.12.4]
2021-05-25T16:16:28,561 ERROR AbstractController:222 Mobsim did not complete normally! afterMobsimListeners will be called anyway.
java.lang.RuntimeException: There are modes configured to be deterministic service modes as well as qsim main modes. This will not work! common modes = train
	at ch.sbb.matsim.mobsim.qsim.pt.SBBTransitQSimEngine.createVehiclesAndDrivers(SBBTransitQSimEngine.java:210) ~[classes/:?]
	at ch.sbb.matsim.mobsim.qsim.pt.SBBTransitQSimEngine.insertAgentsIntoMobsim(SBBTransitQSimEngine.java:123) ~[classes/:?]
	at org.matsim.core.mobsim.qsim.QSim.createAgents(QSim.java:293) ~[matsim-13.0.jar:?]
	at org.matsim.core.mobsim.qsim.QSim.prepareSim(QSim.java:278) ~[matsim-13.0.jar:?]
	at org.matsim.core.mobsim.qsim.QSim.run(QSim.java:237) ~[matsim-13.0.jar:?]
	at org.matsim.core.controler.NewControler.runMobSim(NewControler.java:124) ~[matsim-13.0.jar:?]
	at org.matsim.core.controler.AbstractController$8.run(AbstractController.java:211) ~[matsim-13.0.jar:?]
	at org.matsim.core.controler.AbstractController.iterationStep(AbstractController.java:243) ~[matsim-13.0.jar:?]
	at org.matsim.core.controler.AbstractController.mobsim(AbstractController.java:207) [matsim-13.0.jar:?]
	at org.matsim.core.controler.AbstractController.iteration(AbstractController.java:154) [matsim-13.0.jar:?]
	at org.matsim.core.controler.AbstractController.doIterations(AbstractController.java:121) [matsim-13.0.jar:?]
	at org.matsim.core.controler.AbstractController$1.run(AbstractController.java:81) [matsim-13.0.jar:?]
	at org.matsim.core.controler.MatsimRuntimeModifications.run(MatsimRuntimeModifications.java:69) [matsim-13.0.jar:?]
	at org.matsim.core.controler.MatsimRuntimeModifications.run(MatsimRuntimeModifications.java:52) [matsim-13.0.jar:?]
	at org.matsim.core.controler.AbstractController.run(AbstractController.java:89) [matsim-13.0.jar:?]
	at org.matsim.core.controler.NewControler.run(NewControler.java:82) [matsim-13.0.jar:?]
	at org.matsim.core.controler.Controler.run(Controler.java:249) [matsim-13.0.jar:?]
	at ch.sbb.matsim.mobsim.qsim.pt.SBBTransitQSimEngineIntegrationTest.testIntegration_misconfiguration(SBBTransitQSimEngineIntegrationTest.java:74) [test-classes/:?]
	at jdk.internal.reflect.NativeMethodAccessorImpl.invoke0(Native Method) ~[?:?]
	at jdk.internal.reflect.NativeMethodAccessorImpl.invoke(NativeMethodAccessorImpl.java:64) ~[?:?]
	at jdk.internal.reflect.DelegatingMethodAccessorImpl.invoke(DelegatingMethodAccessorImpl.java:43) ~[?:?]
	at java.lang.reflect.Method.invoke(Method.java:564) ~[?:?]
	at org.junit.runners.model.FrameworkMethod$1.runReflectiveCall(FrameworkMethod.java:59) [junit-4.13.1.jar:4.13.1]
	at org.junit.internal.runners.model.ReflectiveCallable.run(ReflectiveCallable.java:12) [junit-4.13.1.jar:4.13.1]
	at org.junit.runners.model.FrameworkMethod.invokeExplosively(FrameworkMethod.java:56) [junit-4.13.1.jar:4.13.1]
	at org.junit.internal.runners.statements.InvokeMethod.evaluate(InvokeMethod.java:17) [junit-4.13.1.jar:4.13.1]
	at org.junit.rules.TestWatcher$1.evaluate(TestWatcher.java:61) [junit-4.13.1.jar:4.13.1]
	at org.junit.runners.ParentRunner$3.evaluate(ParentRunner.java:306) [junit-4.13.1.jar:4.13.1]
	at org.junit.runners.BlockJUnit4ClassRunner$1.evaluate(BlockJUnit4ClassRunner.java:100) [junit-4.13.1.jar:4.13.1]
	at org.junit.runners.ParentRunner.runLeaf(ParentRunner.java:366) [junit-4.13.1.jar:4.13.1]
	at org.junit.runners.BlockJUnit4ClassRunner.runChild(BlockJUnit4ClassRunner.java:103) [junit-4.13.1.jar:4.13.1]
	at org.junit.runners.BlockJUnit4ClassRunner.runChild(BlockJUnit4ClassRunner.java:63) [junit-4.13.1.jar:4.13.1]
	at org.junit.runners.ParentRunner$4.run(ParentRunner.java:331) [junit-4.13.1.jar:4.13.1]
	at org.junit.runners.ParentRunner$1.schedule(ParentRunner.java:79) [junit-4.13.1.jar:4.13.1]
	at org.junit.runners.ParentRunner.runChildren(ParentRunner.java:329) [junit-4.13.1.jar:4.13.1]
	at org.junit.runners.ParentRunner.access$100(ParentRunner.java:66) [junit-4.13.1.jar:4.13.1]
	at org.junit.runners.ParentRunner$2.evaluate(ParentRunner.java:293) [junit-4.13.1.jar:4.13.1]
	at org.junit.runners.ParentRunner$3.evaluate(ParentRunner.java:306) [junit-4.13.1.jar:4.13.1]
	at org.junit.runners.ParentRunner.run(ParentRunner.java:413) [junit-4.13.1.jar:4.13.1]
	at org.apache.maven.surefire.junit4.JUnit4Provider.execute(JUnit4Provider.java:252) [surefire-junit4-2.12.4.jar:2.12.4]
	at org.apache.maven.surefire.junit4.JUnit4Provider.executeTestSet(JUnit4Provider.java:141) [surefire-junit4-2.12.4.jar:2.12.4]
	at org.apache.maven.surefire.junit4.JUnit4Provider.invoke(JUnit4Provider.java:112) [surefire-junit4-2.12.4.jar:2.12.4]
	at jdk.internal.reflect.NativeMethodAccessorImpl.invoke0(Native Method) ~[?:?]
	at jdk.internal.reflect.NativeMethodAccessorImpl.invoke(NativeMethodAccessorImpl.java:64) ~[?:?]
	at jdk.internal.reflect.DelegatingMethodAccessorImpl.invoke(DelegatingMethodAccessorImpl.java:43) ~[?:?]
	at java.lang.reflect.Method.invoke(Method.java:564) ~[?:?]
	at org.apache.maven.surefire.util.ReflectionUtils.invokeMethodWithArray(ReflectionUtils.java:189) [surefire-api-2.12.4.jar:2.12.4]
	at org.apache.maven.surefire.booter.ProviderFactory$ProviderProxy.invoke(ProviderFactory.java:165) [surefire-booter-2.12.4.jar:2.12.4]
	at org.apache.maven.surefire.booter.ProviderFactory.invokeProvider(ProviderFactory.java:85) [surefire-booter-2.12.4.jar:2.12.4]
	at org.apache.maven.surefire.booter.ForkedBooter.runSuitesInProcess(ForkedBooter.java:115) [surefire-booter-2.12.4.jar:2.12.4]
	at org.apache.maven.surefire.booter.ForkedBooter.main(ForkedBooter.java:75) [surefire-booter-2.12.4.jar:2.12.4]
2021-05-25T16:16:28,573 ERROR MatsimRuntimeModifications:75 Getting uncaught Exception in Thread main
java.lang.RuntimeException: There are modes configured to be deterministic service modes as well as qsim main modes. This will not work! common modes = train
	at ch.sbb.matsim.mobsim.qsim.pt.SBBTransitQSimEngine.createVehiclesAndDrivers(SBBTransitQSimEngine.java:210) ~[classes/:?]
	at ch.sbb.matsim.mobsim.qsim.pt.SBBTransitQSimEngine.insertAgentsIntoMobsim(SBBTransitQSimEngine.java:123) ~[classes/:?]
	at org.matsim.core.mobsim.qsim.QSim.createAgents(QSim.java:293) ~[matsim-13.0.jar:?]
	at org.matsim.core.mobsim.qsim.QSim.prepareSim(QSim.java:278) ~[matsim-13.0.jar:?]
	at org.matsim.core.mobsim.qsim.QSim.run(QSim.java:237) ~[matsim-13.0.jar:?]
	at org.matsim.core.controler.NewControler.runMobSim(NewControler.java:124) ~[matsim-13.0.jar:?]
	at org.matsim.core.controler.AbstractController$8.run(AbstractController.java:211) ~[matsim-13.0.jar:?]
	at org.matsim.core.controler.AbstractController.iterationStep(AbstractController.java:243) ~[matsim-13.0.jar:?]
	at org.matsim.core.controler.AbstractController.mobsim(AbstractController.java:207) ~[matsim-13.0.jar:?]
	at org.matsim.core.controler.AbstractController.iteration(AbstractController.java:154) ~[matsim-13.0.jar:?]
	at org.matsim.core.controler.AbstractController.doIterations(AbstractController.java:121) ~[matsim-13.0.jar:?]
	at org.matsim.core.controler.AbstractController$1.run(AbstractController.java:81) ~[matsim-13.0.jar:?]
	at org.matsim.core.controler.MatsimRuntimeModifications.run(MatsimRuntimeModifications.java:69) [matsim-13.0.jar:?]
	at org.matsim.core.controler.MatsimRuntimeModifications.run(MatsimRuntimeModifications.java:52) [matsim-13.0.jar:?]
	at org.matsim.core.controler.AbstractController.run(AbstractController.java:89) [matsim-13.0.jar:?]
	at org.matsim.core.controler.NewControler.run(NewControler.java:82) [matsim-13.0.jar:?]
	at org.matsim.core.controler.Controler.run(Controler.java:249) [matsim-13.0.jar:?]
	at ch.sbb.matsim.mobsim.qsim.pt.SBBTransitQSimEngineIntegrationTest.testIntegration_misconfiguration(SBBTransitQSimEngineIntegrationTest.java:74) [test-classes/:?]
	at jdk.internal.reflect.NativeMethodAccessorImpl.invoke0(Native Method) ~[?:?]
	at jdk.internal.reflect.NativeMethodAccessorImpl.invoke(NativeMethodAccessorImpl.java:64) ~[?:?]
	at jdk.internal.reflect.DelegatingMethodAccessorImpl.invoke(DelegatingMethodAccessorImpl.java:43) ~[?:?]
	at java.lang.reflect.Method.invoke(Method.java:564) ~[?:?]
	at org.junit.runners.model.FrameworkMethod$1.runReflectiveCall(FrameworkMethod.java:59) [junit-4.13.1.jar:4.13.1]
	at org.junit.internal.runners.model.ReflectiveCallable.run(ReflectiveCallable.java:12) [junit-4.13.1.jar:4.13.1]
	at org.junit.runners.model.FrameworkMethod.invokeExplosively(FrameworkMethod.java:56) [junit-4.13.1.jar:4.13.1]
	at org.junit.internal.runners.statements.InvokeMethod.evaluate(InvokeMethod.java:17) [junit-4.13.1.jar:4.13.1]
	at org.junit.rules.TestWatcher$1.evaluate(TestWatcher.java:61) [junit-4.13.1.jar:4.13.1]
	at org.junit.runners.ParentRunner$3.evaluate(ParentRunner.java:306) [junit-4.13.1.jar:4.13.1]
	at org.junit.runners.BlockJUnit4ClassRunner$1.evaluate(BlockJUnit4ClassRunner.java:100) [junit-4.13.1.jar:4.13.1]
	at org.junit.runners.ParentRunner.runLeaf(ParentRunner.java:366) [junit-4.13.1.jar:4.13.1]
	at org.junit.runners.BlockJUnit4ClassRunner.runChild(BlockJUnit4ClassRunner.java:103) [junit-4.13.1.jar:4.13.1]
	at org.junit.runners.BlockJUnit4ClassRunner.runChild(BlockJUnit4ClassRunner.java:63) [junit-4.13.1.jar:4.13.1]
	at org.junit.runners.ParentRunner$4.run(ParentRunner.java:331) [junit-4.13.1.jar:4.13.1]
	at org.junit.runners.ParentRunner$1.schedule(ParentRunner.java:79) [junit-4.13.1.jar:4.13.1]
	at org.junit.runners.ParentRunner.runChildren(ParentRunner.java:329) [junit-4.13.1.jar:4.13.1]
	at org.junit.runners.ParentRunner.access$100(ParentRunner.java:66) [junit-4.13.1.jar:4.13.1]
	at org.junit.runners.ParentRunner$2.evaluate(ParentRunner.java:293) [junit-4.13.1.jar:4.13.1]
	at org.junit.runners.ParentRunner$3.evaluate(ParentRunner.java:306) [junit-4.13.1.jar:4.13.1]
	at org.junit.runners.ParentRunner.run(ParentRunner.java:413) [junit-4.13.1.jar:4.13.1]
	at org.apache.maven.surefire.junit4.JUnit4Provider.execute(JUnit4Provider.java:252) [surefire-junit4-2.12.4.jar:2.12.4]
	at org.apache.maven.surefire.junit4.JUnit4Provider.executeTestSet(JUnit4Provider.java:141) [surefire-junit4-2.12.4.jar:2.12.4]
	at org.apache.maven.surefire.junit4.JUnit4Provider.invoke(JUnit4Provider.java:112) [surefire-junit4-2.12.4.jar:2.12.4]
	at jdk.internal.reflect.NativeMethodAccessorImpl.invoke0(Native Method) ~[?:?]
	at jdk.internal.reflect.NativeMethodAccessorImpl.invoke(NativeMethodAccessorImpl.java:64) ~[?:?]
	at jdk.internal.reflect.DelegatingMethodAccessorImpl.invoke(DelegatingMethodAccessorImpl.java:43) ~[?:?]
	at java.lang.reflect.Method.invoke(Method.java:564) ~[?:?]
	at org.apache.maven.surefire.util.ReflectionUtils.invokeMethodWithArray(ReflectionUtils.java:189) [surefire-api-2.12.4.jar:2.12.4]
	at org.apache.maven.surefire.booter.ProviderFactory$ProviderProxy.invoke(ProviderFactory.java:165) [surefire-booter-2.12.4.jar:2.12.4]
	at org.apache.maven.surefire.booter.ProviderFactory.invokeProvider(ProviderFactory.java:85) [surefire-booter-2.12.4.jar:2.12.4]
	at org.apache.maven.surefire.booter.ForkedBooter.runSuitesInProcess(ForkedBooter.java:115) [surefire-booter-2.12.4.jar:2.12.4]
	at org.apache.maven.surefire.booter.ForkedBooter.main(ForkedBooter.java:75) [surefire-booter-2.12.4.jar:2.12.4]
2021-05-25T16:16:28,574 ERROR MatsimRuntimeModifications:81 ERROR --- This is an unexpected shutdown!
2021-05-25T16:16:28,574 ERROR MatsimRuntimeModifications:84 Shutdown possibly caused by the following Exception:
java.lang.RuntimeException: There are modes configured to be deterministic service modes as well as qsim main modes. This will not work! common modes = train
	at ch.sbb.matsim.mobsim.qsim.pt.SBBTransitQSimEngine.createVehiclesAndDrivers(SBBTransitQSimEngine.java:210) ~[classes/:?]
	at ch.sbb.matsim.mobsim.qsim.pt.SBBTransitQSimEngine.insertAgentsIntoMobsim(SBBTransitQSimEngine.java:123) ~[classes/:?]
	at org.matsim.core.mobsim.qsim.QSim.createAgents(QSim.java:293) ~[matsim-13.0.jar:?]
	at org.matsim.core.mobsim.qsim.QSim.prepareSim(QSim.java:278) ~[matsim-13.0.jar:?]
	at org.matsim.core.mobsim.qsim.QSim.run(QSim.java:237) ~[matsim-13.0.jar:?]
	at org.matsim.core.controler.NewControler.runMobSim(NewControler.java:124) ~[matsim-13.0.jar:?]
	at org.matsim.core.controler.AbstractController$8.run(AbstractController.java:211) ~[matsim-13.0.jar:?]
	at org.matsim.core.controler.AbstractController.iterationStep(AbstractController.java:243) ~[matsim-13.0.jar:?]
	at org.matsim.core.controler.AbstractController.mobsim(AbstractController.java:207) ~[matsim-13.0.jar:?]
	at org.matsim.core.controler.AbstractController.iteration(AbstractController.java:154) ~[matsim-13.0.jar:?]
	at org.matsim.core.controler.AbstractController.doIterations(AbstractController.java:121) ~[matsim-13.0.jar:?]
	at org.matsim.core.controler.AbstractController$1.run(AbstractController.java:81) ~[matsim-13.0.jar:?]
	at org.matsim.core.controler.MatsimRuntimeModifications.run(MatsimRuntimeModifications.java:69) [matsim-13.0.jar:?]
	at org.matsim.core.controler.MatsimRuntimeModifications.run(MatsimRuntimeModifications.java:52) [matsim-13.0.jar:?]
	at org.matsim.core.controler.AbstractController.run(AbstractController.java:89) [matsim-13.0.jar:?]
	at org.matsim.core.controler.NewControler.run(NewControler.java:82) [matsim-13.0.jar:?]
	at org.matsim.core.controler.Controler.run(Controler.java:249) [matsim-13.0.jar:?]
	at ch.sbb.matsim.mobsim.qsim.pt.SBBTransitQSimEngineIntegrationTest.testIntegration_misconfiguration(SBBTransitQSimEngineIntegrationTest.java:74) [test-classes/:?]
	at jdk.internal.reflect.NativeMethodAccessorImpl.invoke0(Native Method) ~[?:?]
	at jdk.internal.reflect.NativeMethodAccessorImpl.invoke(NativeMethodAccessorImpl.java:64) ~[?:?]
	at jdk.internal.reflect.DelegatingMethodAccessorImpl.invoke(DelegatingMethodAccessorImpl.java:43) ~[?:?]
	at java.lang.reflect.Method.invoke(Method.java:564) ~[?:?]
	at org.junit.runners.model.FrameworkMethod$1.runReflectiveCall(FrameworkMethod.java:59) [junit-4.13.1.jar:4.13.1]
	at org.junit.internal.runners.model.ReflectiveCallable.run(ReflectiveCallable.java:12) [junit-4.13.1.jar:4.13.1]
	at org.junit.runners.model.FrameworkMethod.invokeExplosively(FrameworkMethod.java:56) [junit-4.13.1.jar:4.13.1]
	at org.junit.internal.runners.statements.InvokeMethod.evaluate(InvokeMethod.java:17) [junit-4.13.1.jar:4.13.1]
	at org.junit.rules.TestWatcher$1.evaluate(TestWatcher.java:61) [junit-4.13.1.jar:4.13.1]
	at org.junit.runners.ParentRunner$3.evaluate(ParentRunner.java:306) [junit-4.13.1.jar:4.13.1]
	at org.junit.runners.BlockJUnit4ClassRunner$1.evaluate(BlockJUnit4ClassRunner.java:100) [junit-4.13.1.jar:4.13.1]
	at org.junit.runners.ParentRunner.runLeaf(ParentRunner.java:366) [junit-4.13.1.jar:4.13.1]
	at org.junit.runners.BlockJUnit4ClassRunner.runChild(BlockJUnit4ClassRunner.java:103) [junit-4.13.1.jar:4.13.1]
	at org.junit.runners.BlockJUnit4ClassRunner.runChild(BlockJUnit4ClassRunner.java:63) [junit-4.13.1.jar:4.13.1]
	at org.junit.runners.ParentRunner$4.run(ParentRunner.java:331) [junit-4.13.1.jar:4.13.1]
	at org.junit.runners.ParentRunner$1.schedule(ParentRunner.java:79) [junit-4.13.1.jar:4.13.1]
	at org.junit.runners.ParentRunner.runChildren(ParentRunner.java:329) [junit-4.13.1.jar:4.13.1]
	at org.junit.runners.ParentRunner.access$100(ParentRunner.java:66) [junit-4.13.1.jar:4.13.1]
	at org.junit.runners.ParentRunner$2.evaluate(ParentRunner.java:293) [junit-4.13.1.jar:4.13.1]
	at org.junit.runners.ParentRunner$3.evaluate(ParentRunner.java:306) [junit-4.13.1.jar:4.13.1]
	at org.junit.runners.ParentRunner.run(ParentRunner.java:413) [junit-4.13.1.jar:4.13.1]
	at org.apache.maven.surefire.junit4.JUnit4Provider.execute(JUnit4Provider.java:252) [surefire-junit4-2.12.4.jar:2.12.4]
	at org.apache.maven.surefire.junit4.JUnit4Provider.executeTestSet(JUnit4Provider.java:141) [surefire-junit4-2.12.4.jar:2.12.4]
	at org.apache.maven.surefire.junit4.JUnit4Provider.invoke(JUnit4Provider.java:112) [surefire-junit4-2.12.4.jar:2.12.4]
	at jdk.internal.reflect.NativeMethodAccessorImpl.invoke0(Native Method) ~[?:?]
	at jdk.internal.reflect.NativeMethodAccessorImpl.invoke(NativeMethodAccessorImpl.java:64) ~[?:?]
	at jdk.internal.reflect.DelegatingMethodAccessorImpl.invoke(DelegatingMethodAccessorImpl.java:43) ~[?:?]
	at java.lang.reflect.Method.invoke(Method.java:564) ~[?:?]
	at org.apache.maven.surefire.util.ReflectionUtils.invokeMethodWithArray(ReflectionUtils.java:189) [surefire-api-2.12.4.jar:2.12.4]
	at org.apache.maven.surefire.booter.ProviderFactory$ProviderProxy.invoke(ProviderFactory.java:165) [surefire-booter-2.12.4.jar:2.12.4]
	at org.apache.maven.surefire.booter.ProviderFactory.invokeProvider(ProviderFactory.java:85) [surefire-booter-2.12.4.jar:2.12.4]
	at org.apache.maven.surefire.booter.ForkedBooter.runSuitesInProcess(ForkedBooter.java:115) [surefire-booter-2.12.4.jar:2.12.4]
	at org.apache.maven.surefire.booter.ForkedBooter.main(ForkedBooter.java:75) [surefire-booter-2.12.4.jar:2.12.4]
2021-05-25T16:16:28,588 ERROR MatsimRuntimeModifications:99 ERROR --- MATSim unexpectedly terminated. Please check the output or the logfile with warnings and errors for hints.
2021-05-25T16:16:28,588 ERROR MatsimRuntimeModifications:100 ERROR --- results should not be used for further analysis.
2021-05-25T16:16:28,589 ERROR MatsimRuntimeModifications:104 ERROR --- This was an unexpected shutdown! See the log file for a possible reason.
2021-05-25T16:16:29,033  WARN PreProcessEuclidean:59 There are links with stored length smaller than their Euclidean distance in this network. Thus, A* cannot guarantee to calculate the least-cost paths between two nodes.
